<?xml version="1.0" encoding="UTF-8"?>
<!-- Generated by org.testng.reporters.JUnitXMLReporter -->
<testsuite ignored="2" hostname="DESKTOP-4895GAU" failures="0" tests="3" name="Default test" time="4.223" errors="0" timestamp="2025-01-07T23:51:01 GMT-06:00">
  <testcase classname="tests.CreateUserTest" name="validateCreateUserFromExcel" time="2.101"/>
  <testcase classname="tests.CreateUserTest" name="validateCreateUserFromExcel" time="0.355"/>
  <testcase classname="tests.CreateUserTest" name="validateCreateUserFromExcel" time="0.273"/>
  <testcase classname="tests.CreateUserTest" name="validateCreateUser" time="0.0">
    <ignored/>
  </testcase> <!-- validateCreateUser -->
  <testcase classname="tests.CreateUserTest" name="validateCreateUserFromJson" time="0.0">
    <ignored/>
  </testcase> <!-- validateCreateUserFromJson -->
</testsuite> <!-- Default test -->
