<?xml version="1.0" encoding="UTF-8"?>
<!-- Generated by org.testng.reporters.JUnitXMLReporter -->
<testsuite ignored="1" hostname="DESKTOP-4895GAU" failures="0" tests="6" name="Command line test" time="4.472" errors="0" timestamp="2025-01-07T17:20:29 GMT-06:00">
  <testcase classname="com.api.automation.restassured_framework.AppTest" name="shouldAnswerWithTrue" time="0.009"/>
  <testcase classname="tests.DynamicRequestTest" name="testGetUsersWithHeadersAndParams" time="2.514"/>
  <testcase classname="tests.DynamicRequestTest" name="testPostRequest" time="1.119"/>
  <testcase classname="tests.GetUsersTest" name="verifyGetUsers" time="0.224"/>
  <testcase classname="tests.ResponseValidationTest" name="testGetUserValidation" time="0.149"/>
  <testcase classname="tests.ResponseValidationTest" name="testPostRequestValidation" time="0.321"/>
  <testcase classname="base.BaseTest" name="@AfterSuite tearDownExtentReport" time="0.0">
    <ignored/>
  </testcase> <!-- @AfterSuite tearDownExtentReport -->
</testsuite> <!-- Command line test -->
