<?xml version="1.0" encoding="UTF-8" ?>
<testsuite tests="6" failures="0" name="TestSuite" time="4.345" errors="0" skipped="0">
  <properties>
[...]
</properties>
  <testcase classname="com.api.automation.restassured_framework.AppTest" name="shouldAnswerWithTrue" time="0.016"/>
  <testcase classname="tests.DynamicRequestTest" name="testGetUsersWithHeadersAndParams" time="2.509"/>
  <testcase classname="tests.DynamicRequestTest" name="testPostRequest" time="1.119"/>
  <testcase classname="tests.GetUsersTest" name="verifyGetUsers" time="0.231"/>
  <testcase classname="tests.ResponseValidationTest" name="testGetUserValidation" time="0.148"/>
  <testcase classname="tests.ResponseValidationTest" name="testPostRequestValidation" time="0.322"/>
</testsuite>